<?xml version="1.0" encoding="UTF-8"?>
<testng-results ignored="0" total="1" passed="1" failed="0" skipped="0">
  <reporter-output>
  </reporter-output>
  <suite started-at="2023-12-05T19:10:56 IST" name="Amazon_Project" finished-at="2023-12-05T19:11:36 IST" duration-ms="39444">
    <groups>
    </groups>
    <test started-at="2023-12-05T19:10:56 IST" name="Search Item" finished-at="2023-12-05T19:11:36 IST" duration-ms="39444">
      <class name="org.project.Amazon_Project.uitests.SearchItemandFilter">
        <test-method is-config="true" signature="openBrowser()[pri:0, instance:org.project.Amazon_Project.uitests.SearchItemandFilter@6ffab045]" started-at="2023-12-05T19:10:56 IST" name="openBrowser" finished-at="2023-12-05T19:11:14 IST" duration-ms="17575" status="PASS">
          <reporter-output>
          </reporter-output>
        </test-method> <!-- openBrowser -->
        <test-method signature="SearchItemandApplyFilter()[pri:0, instance:org.project.Amazon_Project.uitests.SearchItemandFilter@6ffab045]" started-at="2023-12-05T19:11:14 IST" name="SearchItemandApplyFilter" finished-at="2023-12-05T19:11:35 IST" duration-ms="20601" status="PASS">
          <reporter-output>
          </reporter-output>
        </test-method> <!-- SearchItemandApplyFilter -->
        <test-method is-config="true" signature="closeBrowser()[pri:0, instance:org.project.Amazon_Project.uitests.SearchItemandFilter@6ffab045]" started-at="2023-12-05T19:11:35 IST" name="closeBrowser" finished-at="2023-12-05T19:11:36 IST" duration-ms="1187" status="PASS">
          <reporter-output>
          </reporter-output>
        </test-method> <!-- closeBrowser -->
      </class> <!-- org.project.Amazon_Project.uitests.SearchItemandFilter -->
    </test> <!-- Search Item -->
  </suite> <!-- Amazon_Project -->
</testng-results>
